<?xml version="1.0" encoding="UTF-8"?>
<!-- Generated by org.testng.reporters.JUnitXMLReporter -->
<testsuite ignored="0" hostname="Aaradana" failures="0" tests="4" name="Login into application" time="11.34" errors="0" timestamp="2022-03-09T11:26:41 EST">
  <testcase classname="loginUsingDataProviders.Login" name="loginwithCorrectUserNameANDPasword" time="3.76"/>
  <testcase classname="loginUsingDataProviders.Login" name="loginwithCorrectUserNameANDPasword" time="2.899"/>
  <testcase classname="loginUsingDataProviders.Login" name="loginwithCorrectUserNameANDPasword" time="2.334"/>
  <testcase classname="loginUsingDataProviders.Login" name="loginwithCorrectUserNameANDPasword" time="2.304"/>
</testsuite> <!-- Login into application -->
