<?xml version="1.0" encoding="UTF-8"?>
<!-- Generated by org.testng.reporters.JUnitXMLReporter -->
<testsuite ignored="0" hostname="Aaradana" failures="0" tests="4" name="Login Test Cases" time="13.151" errors="0" timestamp="2022-03-08T20:45:21 EST">
  <testcase classname="loginTestCases.BothCorrect" name="loginwithCorrectUserNameANDPasword" time="5.076"/>
  <testcase classname="loginTestCases.BothInCorrect" name="loginwithINCorrectUsernameANDPassword" time="2.504"/>
  <testcase classname="loginTestCases.CorrectUserName" name="loginwithCorrectUserName" time="2.924"/>
  <testcase classname="loginTestCases.CorrectPassword" name="loginwithCorrectPassword" time="2.609"/>
</testsuite> <!-- Login Test Cases -->
